0 info it worked if it ends with ok
1 verbose cli [ 'C:\\Developer\\nodejs\\node.exe',
1 verbose cli   'C:\\Users\\yukun\\AppData\\Roaming\\npm\\node_modules\\npm\\bin\\npm-cli.js',
1 verbose cli   'start' ]
2 info using npm@4.0.5
3 info using node@v6.9.2
4 verbose run-script [ 'prestart', 'start', 'poststart' ]
5 info lifecycle stock@0.0.0~prestart: stock@0.0.0
6 silly lifecycle stock@0.0.0~prestart: no script for prestart, continuing
7 info lifecycle stock@0.0.0~start: stock@0.0.0
8 verbose lifecycle stock@0.0.0~start: unsafe-perm in lifecycle true
9 verbose lifecycle stock@0.0.0~start: PATH: C:\Users\yukun\AppData\Roaming\npm\node_modules\npm\bin\node-gyp-bin;C:\Developer\stock\server\stock\node_modules\.bin;C:\Developer\cygwin64\usr\local\bin;C:\Developer\cygwin64\bin;C:\ProgramData\Oracle\Java\javapath;C:\Program Files (x86)\NVIDIA Corporation\PhysX\Common;C:\Program Files (x86)\Intel\iCLS Client;C:\Program Files\Intel\iCLS Client;C:\WINDOWS\system32;C:\WINDOWS;C:\WINDOWS\System32\Wbem;C:\WINDOWS\System32\WindowsPowerShell\v1.0;C:\Program Files\Intel\Intel(R) Management Engine Components\DAL;C:\Program Files (x86)\Intel\Intel(R) Management Engine Components\DAL;C:\Program Files\Intel\Intel(R) Management Engine Components\IPT;C:\Program Files (x86)\Intel\Intel(R) Management Engine Components\IPT;C:\Developer\Redis;C:\Developer\MongoDB\Server\3.2\bin;C:\Users\yukun\AppData\Roaming\npm;C:\Developer\nodejs;C:\Developer\OpenSSH\bin;C:\Developer\nodejs;C:\Users\yukun\AppData\Local\Microsoft\WindowsApps;C:\Users\yukun\AppData\Roaming\npm;C:\Developer\Microsoft VS Code\bin;C:\Developer\cygwin64\lib\lapack;C:\Developer\python27\
10 verbose lifecycle stock@0.0.0~start: CWD: C:\Developer\stock\server\stock
11 silly lifecycle stock@0.0.0~start: Args: [ '/d /s /c', 'node ./bin/www' ]
12 silly lifecycle stock@0.0.0~start: Returned: code: 1  signal: null
13 info lifecycle stock@0.0.0~start: Failed to exec start script
14 verbose stack Error: stock@0.0.0 start: `node ./bin/www`
14 verbose stack Exit status 1
14 verbose stack     at EventEmitter.<anonymous> (C:\Users\yukun\AppData\Roaming\npm\node_modules\npm\lib\utils\lifecycle.js:279:16)
14 verbose stack     at emitTwo (events.js:106:13)
14 verbose stack     at EventEmitter.emit (events.js:191:7)
14 verbose stack     at ChildProcess.<anonymous> (C:\Users\yukun\AppData\Roaming\npm\node_modules\npm\lib\utils\spawn.js:40:14)
14 verbose stack     at emitTwo (events.js:106:13)
14 verbose stack     at ChildProcess.emit (events.js:191:7)
14 verbose stack     at maybeClose (internal/child_process.js:877:16)
14 verbose stack     at Process.ChildProcess._handle.onexit (internal/child_process.js:226:5)
15 verbose pkgid stock@0.0.0
16 verbose cwd C:\Developer\stock\server\stock
17 error Windows_NT 10.0.14393
18 error argv "C:\\Developer\\nodejs\\node.exe" "C:\\Users\\yukun\\AppData\\Roaming\\npm\\node_modules\\npm\\bin\\npm-cli.js" "start"
19 error node v6.9.2
20 error npm  v4.0.5
21 error code ELIFECYCLE
22 error stock@0.0.0 start: `node ./bin/www`
22 error Exit status 1
23 error Failed at the stock@0.0.0 start script 'node ./bin/www'.
23 error Make sure you have the latest version of node.js and npm installed.
23 error If you do, this is most likely a problem with the stock package,
23 error not with npm itself.
23 error Tell the author that this fails on your system:
23 error     node ./bin/www
23 error You can get information on how to open an issue for this project with:
23 error     npm bugs stock
23 error Or if that isn't available, you can get their info via:
23 error     npm owner ls stock
23 error There is likely additional logging output above.
24 verbose exit [ 1, true ]
